


ARM Macro Assembler    Page 1 


    1 00000000         ;****************** main.s ***************
    2 00000000         ; Program written by: put your names here
    3 00000000         ; Date Created: 1/24/2015 
    4 00000000         ; Last Modified: 1/24/2015 
    5 00000000         ; Section 1-2pm     TA: Wooseok Lee
    6 00000000         ; Lab number: 3
    7 00000000         ; Brief description of the program
    8 00000000         ;   If the switch is presses, the LED toggles at 8 Hz
    9 00000000         ; Hardware connections
   10 00000000         ;  PE0 is switch input  (1 means pressed, 0 means not pr
                       essed)
   11 00000000         ;  PE1 is LED output (1 activates external LED on protob
                       oard) 
   12 00000000         ;Overall functionality of this system is the similar to 
                       Lab 2, with five changes:
   13 00000000         ;1-  the pin to which we connect the switch is moved to 
                       PE0, 
   14 00000000         ;2-  you will have to remove the PUR initialization beca
                       use pull up is no longer needed. 
   15 00000000         ;3-  the pin to which we connect the LED is moved to PE1
                       , 
   16 00000000         ;4-  the switch is changed from negative to positive log
                       ic, and 
   17 00000000         ;5-  you should increase the delay so it flashes about 8
                        Hz.
   18 00000000         ; Operation
   19 00000000         ; 1) Make PE1 an output and make PE0 an input. 
   20 00000000         ; 2) The system starts with the LED on (make PE1 =1). 
   21 00000000         ;   3) Wait about 62 ms
   22 00000000         ;   4) If the switch is pressed (PE0 is 1), then toggle 
                       the LED once, else turn the LED on. 
   23 00000000         ;   5) Steps 3 and 4 are repeated over and over
   24 00000000         
   25 00000000         
   26 00000000 400243FC 
                       GPIO_PORTE_DATA_R
                               EQU              0x400243FC
   27 00000000 40024400 
                       GPIO_PORTE_DIR_R
                               EQU              0x40024400
   28 00000000 40024420 
                       GPIO_PORTE_AFSEL_R
                               EQU              0x40024420
   29 00000000 4002451C 
                       GPIO_PORTE_DEN_R
                               EQU              0x4002451C
   30 00000000 40024528 
                       GPIO_PORTE_AMSEL_R
                               EQU              0x40024528
   31 00000000 4002452C 
                       GPIO_PORTE_PCTL_R
                               EQU              0x4002452C
   32 00000000 400FE608 
                       SYSCTL_RCGCGPIO_R
                               EQU              0x400FE608
   33 00000000                 IMPORT           TExaS_Init
   34 00000000                 AREA             |.text|, CODE, READONLY, ALIGN=
2
   35 00000000                 THUMB



ARM Macro Assembler    Page 2 


   36 00000000                 EXPORT           Start
   37 00000000         Start
   38 00000000         ; TExaS_Init sets bus clock at 80 MHz
   39 00000000 F7FF FFFE       BL               TExaS_Init  ; voltmeter, scope 
                                                            on PD3
   40 00000004         ; you initialize PE1 PE0
   41 00000004         
   42 00000004         
   43 00000004 B662            CPSIE            I           ; TExaS voltmeter, 
                                                            scope runs on inter
                                                            rupts
   44 00000006         
   45 00000006         loop
   46 00000006         ; you input output delay
   47 00000006 E7FE            B                loop
   48 00000008         
   49 00000008         
   50 00000008         
   51 00000008         
   52 00000008                 ALIGN                        ; make sure the end
                                                             of this section is
                                                             aligned
   53 00000008                 END                          ; end of file
Command Line: --debug --xref --cpu=Cortex-M4 --apcs=interwork --depend=.\main.d
 -o.\main.o -IC:\Keil\ARM\RV31\INC -IC:\Keil\ARM\CMSIS\Include -IC:\Keil\ARM\In
c\Luminary --predefine="__EVAL SETA 1" --list=.\main.lst main.s



ARM Macro Assembler    Page 1 Alphabetic symbol ordering
Relocatable symbols

.text 00000000

Symbol: .text
   Definitions
      At line 34 in file main.s
   Uses
      None
Comment: .text unused
Start 00000000

Symbol: Start
   Definitions
      At line 37 in file main.s
   Uses
      At line 36 in file main.s
Comment: Start used once
loop 00000006

Symbol: loop
   Definitions
      At line 45 in file main.s
   Uses
      At line 47 in file main.s
Comment: loop used once
3 symbols



ARM Macro Assembler    Page 1 Alphabetic symbol ordering
Absolute symbols

GPIO_PORTE_AFSEL_R 40024420

Symbol: GPIO_PORTE_AFSEL_R
   Definitions
      At line 28 in file main.s
   Uses
      None
Comment: GPIO_PORTE_AFSEL_R unused
GPIO_PORTE_AMSEL_R 40024528

Symbol: GPIO_PORTE_AMSEL_R
   Definitions
      At line 30 in file main.s
   Uses
      None
Comment: GPIO_PORTE_AMSEL_R unused
GPIO_PORTE_DATA_R 400243FC

Symbol: GPIO_PORTE_DATA_R
   Definitions
      At line 26 in file main.s
   Uses
      None
Comment: GPIO_PORTE_DATA_R unused
GPIO_PORTE_DEN_R 4002451C

Symbol: GPIO_PORTE_DEN_R
   Definitions
      At line 29 in file main.s
   Uses
      None
Comment: GPIO_PORTE_DEN_R unused
GPIO_PORTE_DIR_R 40024400

Symbol: GPIO_PORTE_DIR_R
   Definitions
      At line 27 in file main.s
   Uses
      None
Comment: GPIO_PORTE_DIR_R unused
GPIO_PORTE_PCTL_R 4002452C

Symbol: GPIO_PORTE_PCTL_R
   Definitions
      At line 31 in file main.s
   Uses
      None
Comment: GPIO_PORTE_PCTL_R unused
SYSCTL_RCGCGPIO_R 400FE608

Symbol: SYSCTL_RCGCGPIO_R
   Definitions
      At line 32 in file main.s
   Uses
      None
Comment: SYSCTL_RCGCGPIO_R unused
7 symbols



ARM Macro Assembler    Page 1 Alphabetic symbol ordering
External symbols

TExaS_Init 00000000

Symbol: TExaS_Init
   Definitions
      At line 33 in file main.s
   Uses
      At line 39 in file main.s
Comment: TExaS_Init used once
1 symbol
342 symbols in table
